<?xml version="1.0" encoding="UTF-8"?>
<!-- Generated by org.testng.reporters.JUnitReportReporter -->
<testsuite skipped="0" hostname="ShashankSharma-PC" name="com.frameworks.TestNGFramework2018.tests.TestLoginPage" tests="1" failures="0" timestamp="21 Jul 2018 12:42:18 GMT" time="4.715" errors="0">
  <testcase name="testLogin" time="4.715" classname="com.frameworks.TestNGFramework2018.tests.TestLoginPage"/>
</testsuite> <!-- com.frameworks.TestNGFramework2018.tests.TestLoginPage -->
