<?xml version="1.0" encoding="UTF-8"?>
<!-- Generated by org.testng.reporters.JUnitReportReporter -->
<testsuite skipped="1" hostname="ShashankSharma-PC" name="com.frameworks.TestNGFramework2018.tests.TestLoginPage" tests="1" failures="0" timestamp="23 Jun 2018 17:12:50 GMT" time="0.000" errors="0">
  <testcase name="testLogin" time="0.000" classname="com.frameworks.TestNGFramework2018.tests.TestLoginPage">
    <skipped/>
  </testcase> <!-- testLogin -->
</testsuite> <!-- com.frameworks.TestNGFramework2018.tests.TestLoginPage -->
